2019-12-13 11:36:362019-12-13 11:39:342019-12-13 11:52:452019-12-13 12:05:34<xml>
<ToUserName><![CDATA[gh_510c51288372]]></ToUserName>
<FromUserName><![CDATA[oauvlvmY9LYPZcO2LkMnipIMtQ3M]]></FromUserName>
<CreateTime>1576238705</CreateTime>
<MsgType><![CDATA[event]]></MsgType>
<Event><![CDATA[subscribe]]></Event>
<EventKey><![CDATA[]]></EventKey>
</xml>
2019-12-13 12:07:46<xml>
<ToUserName><![CDATA[gh_510c51288372]]></ToUserName>
<FromUserName><![CDATA[oauvlvmY9LYPZcO2LkMnipIMtQ3M]]></FromUserName>
<CreateTime>1576238705</CreateTime>
<MsgType><![CDATA[event]]></MsgType>
<Event><![CDATA[subscribe]]></Event>
<EventKey><![CDATA[]]></EventKey>
</xml>
2019-12-13 12:18:34<xml>
<ToUserName><![CDATA[gh_510c51288372]]></ToUserName>
<FromUserName><![CDATA[oauvlvmY9LYPZcO2LkMnipIMtQ3M]]></FromUserName>
<CreateTime>1576238705</CreateTime>
<MsgType><![CDATA[event]]></MsgType>
<Event><![CDATA[subscribe]]></Event>
<EventKey><![CDATA[]]></EventKey>
</xml>
2019-12-13 12:18:41<xml>
<ToUserName><![CDATA[gh_510c51288372]]></ToUserName>
<FromUserName><![CDATA[oauvlvmY9LYPZcO2LkMnipIMtQ3M]]></FromUserName>
<CreateTime>1576238705</CreateTime>
<MsgType><![CDATA[event]]></MsgType>
<Event><![CDATA[subscribe]]></Event>
<EventKey><![CDATA[]]></EventKey>
</xml>
2019-12-13 12:22:46<xml>
<ToUserName><![CDATA[gh_510c51288372]]></ToUserName>
<FromUserName><![CDATA[oauvlvmY9LYPZcO2LkMnipIMtQ3M]]></FromUserName>
<CreateTime>1576238705</CreateTime>
<MsgType><![CDATA[event]]></MsgType>
<Event><![CDATA[subscribe]]></Event>
<EventKey><![CDATA[]]></EventKey>
</xml>
2019-12-14 00:55:54<xml>
<ToUserName><![CDATA[gh_510c51288372]]></ToUserName>
<FromUserName><![CDATA[oauvlvmY9LYPZcO2LkMnipIMtQ3M]]></FromUserName>
<CreateTime>1576238705</CreateTime>
<MsgType><![CDATA[event]]></MsgType>
<Event><![CDATA[subscribe]]></Event>
<EventKey><![CDATA[]]></EventKey>
</xml>
2019-12-14 00:58:36<xml>
<ToUserName><![CDATA[gh_510c51288372]]></ToUserName>
<FromUserName><![CDATA[oauvlvmY9LYPZcO2LkMnipIMtQ3M]]></FromUserName>
<CreateTime>1576238705</CreateTime>
<MsgType><![CDATA[event]]></MsgType>
<Event><![CDATA[subscribe]]></Event>
<EventKey><![CDATA[]]></EventKey>
</xml>
2019-12-14 01:00:05<xml>
<ToUserName><![CDATA[gh_510c51288372]]></ToUserName>
<FromUserName><![CDATA[oauvlvmY9LYPZcO2LkMnipIMtQ3M]]></FromUserName>
<CreateTime>1576238705</CreateTime>
<MsgType><![CDATA[event]]></MsgType>
<Event><![CDATA[subscribe]]></Event>
<EventKey><![CDATA[]]></EventKey>
</xml>
2019-12-14 01:02:38<xml>
<ToUserName><![CDATA[gh_510c51288372]]></ToUserName>
<FromUserName><![CDATA[oauvlvmY9LYPZcO2LkMnipIMtQ3M]]></FromUserName>
<CreateTime>1576238705</CreateTime>
<MsgType><![CDATA[event]]></MsgType>
<Event><![CDATA[subscribe]]></Event>
<EventKey><![CDATA[]]></EventKey>
</xml>
2019-12-14 01:08:52<xml>
<ToUserName><![CDATA[gh_510c51288372]]></ToUserName>
<FromUserName><![CDATA[oauvlvmY9LYPZcO2LkMnipIMtQ3M]]></FromUserName>
<CreateTime>1576238705</CreateTime>
<MsgType><![CDATA[event]]></MsgType>
<Event><![CDATA[subscribe]]></Event>
<EventKey><![CDATA[]]></EventKey>
</xml>
2019-12-14 01:09:53<xml>
<ToUserName><![CDATA[gh_510c51288372]]></ToUserName>
<FromUserName><![CDATA[oauvlvmY9LYPZcO2LkMnipIMtQ3M]]></FromUserName>
<CreateTime>1576238705</CreateTime>
<MsgType><![CDATA[event]]></MsgType>
<Event><![CDATA[subscribe]]></Event>
<EventKey><![CDATA[]]></EventKey>
</xml>
2019-12-14 01:11:48<xml>
<ToUserName><![CDATA[gh_510c51288372]]></ToUserName>
<FromUserName><![CDATA[oauvlvmY9LYPZcO2LkMnipIMtQ3M]]></FromUserName>
<CreateTime>1576238705</CreateTime>
<MsgType><![CDATA[event]]></MsgType>
<Event><![CDATA[subscribe]]></Event>
<EventKey><![CDATA[]]></EventKey>
</xml>
2019-12-14 01:11:57<xml>
<ToUserName><![CDATA[gh_510c51288372]]></ToUserName>
<FromUserName><![CDATA[oauvlvmY9LYPZcO2LkMnipIMtQ3M]]></FromUserName>
<CreateTime>1576238705</CreateTime>
<MsgType><![CDATA[event]]></MsgType>
<Event><![CDATA[subscribe]]></Event>
<EventKey><![CDATA[]]></EventKey>
</xml>
2019-12-14 02:06:27<xml><ToUserName><![CDATA[gh_510c51288372]]></ToUserName>
<FromUserName><![CDATA[oauvlvk9_EoObTobOZ0amOIZK_U8]]></FromUserName>
<CreateTime>1576289142</CreateTime>
<MsgType><![CDATA[event]]></MsgType>
<Event><![CDATA[subscribe]]></Event>
<EventKey><![CDATA[]]></EventKey>
</xml>